<?xml version="1.0" encoding="UTF-8"?>
<testsuite xmlns:xsi="http://www.w3.org/2001/XMLSchema-instance" xsi:noNamespaceSchemaLocation="https://maven.apache.org/surefire/maven-surefire-plugin/xsd/surefire-test-report-3.0.xsd" version="3.0" name="net.talaatharb.project.ProjectApplicationTest" time="0.065" tests="1" errors="0" skipped="0" failures="0">
  <properties>
[...]
</properties>
  <testcase name="testProjectStarts" classname="net.talaatharb.project.ProjectApplicationTest" time="0.048">
    <system-err><![CDATA[[main] INFO net.talaatharb.project.ProjectApplication - Application Started
]]></system-err>
  </testcase>
</testsuite>